[2026-03-08T11:00:15.036Z] info: kubernetes.yaml was copied to the config folder
[2026-03-08T11:00:40.219Z] info: docker.yaml was copied to the config folder
[2026-03-08T11:00:40.220Z] info: bookmarks.yaml was copied to the config folder
[2026-03-08T11:00:40.221Z] info: widgets.yaml was copied to the config folder
[2026-03-08T11:00:40.221Z] info: custom.css was copied to the config folder
[2026-03-08T11:00:40.221Z] info: custom.js was copied to the config folder
[2026-03-08T11:00:40.234Z] info: proxmox.yaml was copied to the config folder
[2026-03-08T11:47:02.814Z] error: Host validation failed for: localhost:3030. Hint: Set the HOMEPAGE_ALLOWED_HOSTS environment variable to allow requests from this host / port.
[2026-03-08T11:47:02.910Z] error: Host validation failed for: localhost:3030. Hint: Set the HOMEPAGE_ALLOWED_HOSTS environment variable to allow requests from this host / port.
[2026-03-08T11:47:02.915Z] error: Host validation failed for: localhost:3030. Hint: Set the HOMEPAGE_ALLOWED_HOSTS environment variable to allow requests from this host / port.
[2026-03-08T11:47:02.919Z] error: Host validation failed for: localhost:3030. Hint: Set the HOMEPAGE_ALLOWED_HOSTS environment variable to allow requests from this host / port.
[2026-03-08T11:47:02.925Z] error: Host validation failed for: localhost:3030. Hint: Set the HOMEPAGE_ALLOWED_HOSTS environment variable to allow requests from this host / port.
[2026-03-08T11:47:02.928Z] error: Host validation failed for: localhost:3030. Hint: Set the HOMEPAGE_ALLOWED_HOSTS environment variable to allow requests from this host / port.
[2026-03-08T11:47:02.930Z] error: Host validation failed for: localhost:3030. Hint: Set the HOMEPAGE_ALLOWED_HOSTS environment variable to allow requests from this host / port.
[2026-03-08T11:47:02.933Z] error: Host validation failed for: localhost:3030. Hint: Set the HOMEPAGE_ALLOWED_HOSTS environment variable to allow requests from this host / port.
[2026-03-08T11:47:02.935Z] error: Host validation failed for: localhost:3030. Hint: Set the HOMEPAGE_ALLOWED_HOSTS environment variable to allow requests from this host / port.
[2026-03-08T11:47:02.938Z] error: Host validation failed for: localhost:3030. Hint: Set the HOMEPAGE_ALLOWED_HOSTS environment variable to allow requests from this host / port.
[2026-03-08T11:47:02.943Z] error: Host validation failed for: localhost:3030. Hint: Set the HOMEPAGE_ALLOWED_HOSTS environment variable to allow requests from this host / port.
[2026-03-08T11:47:05.000Z] error: Host validation failed for: localhost:3030. Hint: Set the HOMEPAGE_ALLOWED_HOSTS environment variable to allow requests from this host / port.
[2026-03-08T11:47:09.652Z] error: Host validation failed for: localhost:3030. Hint: Set the HOMEPAGE_ALLOWED_HOSTS environment variable to allow requests from this host / port.
[2026-03-08T11:47:09.657Z] error: Host validation failed for: localhost:3030. Hint: Set the HOMEPAGE_ALLOWED_HOSTS environment variable to allow requests from this host / port.
[2026-03-08T11:47:09.672Z] error: Host validation failed for: localhost:3030. Hint: Set the HOMEPAGE_ALLOWED_HOSTS environment variable to allow requests from this host / port.
[2026-03-08T11:47:09.714Z] error: Host validation failed for: localhost:3030. Hint: Set the HOMEPAGE_ALLOWED_HOSTS environment variable to allow requests from this host / port.
[2026-03-08T11:47:09.717Z] error: Host validation failed for: localhost:3030. Hint: Set the HOMEPAGE_ALLOWED_HOSTS environment variable to allow requests from this host / port.
[2026-03-08T11:47:09.719Z] error: Host validation failed for: localhost:3030. Hint: Set the HOMEPAGE_ALLOWED_HOSTS environment variable to allow requests from this host / port.
[2026-03-08T11:47:09.720Z] error: Host validation failed for: localhost:3030. Hint: Set the HOMEPAGE_ALLOWED_HOSTS environment variable to allow requests from this host / port.
[2026-03-08T11:47:09.722Z] error: Host validation failed for: localhost:3030. Hint: Set the HOMEPAGE_ALLOWED_HOSTS environment variable to allow requests from this host / port.
[2026-03-08T11:47:09.724Z] error: Host validation failed for: localhost:3030. Hint: Set the HOMEPAGE_ALLOWED_HOSTS environment variable to allow requests from this host / port.
[2026-03-08T11:47:09.727Z] error: Host validation failed for: localhost:3030. Hint: Set the HOMEPAGE_ALLOWED_HOSTS environment variable to allow requests from this host / port.
[2026-03-08T11:47:09.730Z] error: Host validation failed for: localhost:3030. Hint: Set the HOMEPAGE_ALLOWED_HOSTS environment variable to allow requests from this host / port.
[2026-03-08T11:47:09.731Z] error: Host validation failed for: localhost:3030. Hint: Set the HOMEPAGE_ALLOWED_HOSTS environment variable to allow requests from this host / port.
[2026-03-08T11:47:09.733Z] error: Host validation failed for: localhost:3030. Hint: Set the HOMEPAGE_ALLOWED_HOSTS environment variable to allow requests from this host / port.
[2026-03-08T11:47:09.736Z] error: Host validation failed for: localhost:3030. Hint: Set the HOMEPAGE_ALLOWED_HOSTS environment variable to allow requests from this host / port.
[2026-03-08T11:47:09.744Z] error: Host validation failed for: localhost:3030. Hint: Set the HOMEPAGE_ALLOWED_HOSTS environment variable to allow requests from this host / port.
[2026-03-08T11:47:33.985Z] error: Host validation failed for: localhost:3030. Hint: Set the HOMEPAGE_ALLOWED_HOSTS environment variable to allow requests from this host / port.
[2026-03-08T11:47:33.987Z] error: Host validation failed for: localhost:3030. Hint: Set the HOMEPAGE_ALLOWED_HOSTS environment variable to allow requests from this host / port.
[2026-03-08T11:47:40.130Z] error: Host validation failed for: localhost:3030. Hint: Set the HOMEPAGE_ALLOWED_HOSTS environment variable to allow requests from this host / port.
[2026-03-08T11:47:40.132Z] error: Host validation failed for: localhost:3030. Hint: Set the HOMEPAGE_ALLOWED_HOSTS environment variable to allow requests from this host / port.
[2026-03-08T11:47:40.134Z] error: Host validation failed for: localhost:3030. Hint: Set the HOMEPAGE_ALLOWED_HOSTS environment variable to allow requests from this host / port.
[2026-03-08T11:47:41.822Z] error: Host validation failed for: localhost:3030. Hint: Set the HOMEPAGE_ALLOWED_HOSTS environment variable to allow requests from this host / port.
[2026-03-08T11:47:44.769Z] error: Host validation failed for: localhost:3030. Hint: Set the HOMEPAGE_ALLOWED_HOSTS environment variable to allow requests from this host / port.
[2026-03-08T11:48:50.068Z] error: Host validation failed for: localhost:3030. Hint: Set the HOMEPAGE_ALLOWED_HOSTS environment variable to allow requests from this host / port.
[2026-03-08T11:48:50.077Z] error: Host validation failed for: localhost:3030. Hint: Set the HOMEPAGE_ALLOWED_HOSTS environment variable to allow requests from this host / port.
[2026-03-08T11:48:50.084Z] error: Host validation failed for: localhost:3030. Hint: Set the HOMEPAGE_ALLOWED_HOSTS environment variable to allow requests from this host / port.
[2026-03-08T11:48:51.241Z] error: Host validation failed for: localhost:3030. Hint: Set the HOMEPAGE_ALLOWED_HOSTS environment variable to allow requests from this host / port.
[2026-03-08T11:48:51.265Z] error: Host validation failed for: localhost:3030. Hint: Set the HOMEPAGE_ALLOWED_HOSTS environment variable to allow requests from this host / port.
[2026-03-08T11:48:51.269Z] error: Host validation failed for: localhost:3030. Hint: Set the HOMEPAGE_ALLOWED_HOSTS environment variable to allow requests from this host / port.
[2026-03-08T11:48:51.272Z] error: Host validation failed for: localhost:3030. Hint: Set the HOMEPAGE_ALLOWED_HOSTS environment variable to allow requests from this host / port.
[2026-03-08T11:48:51.276Z] error: Host validation failed for: localhost:3030. Hint: Set the HOMEPAGE_ALLOWED_HOSTS environment variable to allow requests from this host / port.
[2026-03-08T11:48:51.280Z] error: Host validation failed for: localhost:3030. Hint: Set the HOMEPAGE_ALLOWED_HOSTS environment variable to allow requests from this host / port.
[2026-03-08T11:48:51.284Z] error: Host validation failed for: localhost:3030. Hint: Set the HOMEPAGE_ALLOWED_HOSTS environment variable to allow requests from this host / port.
[2026-03-08T11:48:51.286Z] error: Host validation failed for: localhost:3030. Hint: Set the HOMEPAGE_ALLOWED_HOSTS environment variable to allow requests from this host / port.
[2026-03-08T11:48:51.288Z] error: Host validation failed for: localhost:3030. Hint: Set the HOMEPAGE_ALLOWED_HOSTS environment variable to allow requests from this host / port.
[2026-03-08T11:48:51.289Z] error: Host validation failed for: localhost:3030. Hint: Set the HOMEPAGE_ALLOWED_HOSTS environment variable to allow requests from this host / port.
[2026-03-08T11:48:51.294Z] error: Host validation failed for: localhost:3030. Hint: Set the HOMEPAGE_ALLOWED_HOSTS environment variable to allow requests from this host / port.
[2026-03-08T11:48:51.296Z] error: Host validation failed for: localhost:3030. Hint: Set the HOMEPAGE_ALLOWED_HOSTS environment variable to allow requests from this host / port.
[2026-03-08T11:48:51.373Z] error: Host validation failed for: localhost:3030. Hint: Set the HOMEPAGE_ALLOWED_HOSTS environment variable to allow requests from this host / port.
[2026-03-08T11:48:51.853Z] error: Host validation failed for: localhost:3030. Hint: Set the HOMEPAGE_ALLOWED_HOSTS environment variable to allow requests from this host / port.
[2026-03-08T11:48:51.874Z] error: Host validation failed for: localhost:3030. Hint: Set the HOMEPAGE_ALLOWED_HOSTS environment variable to allow requests from this host / port.
[2026-03-08T11:48:51.875Z] error: Host validation failed for: localhost:3030. Hint: Set the HOMEPAGE_ALLOWED_HOSTS environment variable to allow requests from this host / port.
[2026-03-08T11:48:51.877Z] error: Host validation failed for: localhost:3030. Hint: Set the HOMEPAGE_ALLOWED_HOSTS environment variable to allow requests from this host / port.
[2026-03-08T11:48:51.879Z] error: Host validation failed for: localhost:3030. Hint: Set the HOMEPAGE_ALLOWED_HOSTS environment variable to allow requests from this host / port.
[2026-03-08T11:48:51.881Z] error: Host validation failed for: localhost:3030. Hint: Set the HOMEPAGE_ALLOWED_HOSTS environment variable to allow requests from this host / port.
[2026-03-08T11:48:51.882Z] error: Host validation failed for: localhost:3030. Hint: Set the HOMEPAGE_ALLOWED_HOSTS environment variable to allow requests from this host / port.
[2026-03-08T11:48:51.887Z] error: Host validation failed for: localhost:3030. Hint: Set the HOMEPAGE_ALLOWED_HOSTS environment variable to allow requests from this host / port.
[2026-03-08T11:48:51.888Z] error: Host validation failed for: localhost:3030. Hint: Set the HOMEPAGE_ALLOWED_HOSTS environment variable to allow requests from this host / port.
[2026-03-08T11:48:51.889Z] error: Host validation failed for: localhost:3030. Hint: Set the HOMEPAGE_ALLOWED_HOSTS environment variable to allow requests from this host / port.
[2026-03-08T11:48:51.891Z] error: Host validation failed for: localhost:3030. Hint: Set the HOMEPAGE_ALLOWED_HOSTS environment variable to allow requests from this host / port.
[2026-03-08T11:48:51.893Z] error: Host validation failed for: localhost:3030. Hint: Set the HOMEPAGE_ALLOWED_HOSTS environment variable to allow requests from this host / port.
[2026-03-08T11:48:51.905Z] error: Host validation failed for: localhost:3030. Hint: Set the HOMEPAGE_ALLOWED_HOSTS environment variable to allow requests from this host / port.
[2026-03-08T11:48:52.304Z] error: Host validation failed for: localhost:3030. Hint: Set the HOMEPAGE_ALLOWED_HOSTS environment variable to allow requests from this host / port.
[2026-03-08T11:48:52.325Z] error: Host validation failed for: localhost:3030. Hint: Set the HOMEPAGE_ALLOWED_HOSTS environment variable to allow requests from this host / port.
[2026-03-08T11:48:52.327Z] error: Host validation failed for: localhost:3030. Hint: Set the HOMEPAGE_ALLOWED_HOSTS environment variable to allow requests from this host / port.
[2026-03-08T11:48:52.329Z] error: Host validation failed for: localhost:3030. Hint: Set the HOMEPAGE_ALLOWED_HOSTS environment variable to allow requests from this host / port.
[2026-03-08T11:48:52.330Z] error: Host validation failed for: localhost:3030. Hint: Set the HOMEPAGE_ALLOWED_HOSTS environment variable to allow requests from this host / port.
[2026-03-08T11:48:52.332Z] error: Host validation failed for: localhost:3030. Hint: Set the HOMEPAGE_ALLOWED_HOSTS environment variable to allow requests from this host / port.
[2026-03-08T11:48:52.333Z] error: Host validation failed for: localhost:3030. Hint: Set the HOMEPAGE_ALLOWED_HOSTS environment variable to allow requests from this host / port.
[2026-03-08T11:48:52.337Z] error: Host validation failed for: localhost:3030. Hint: Set the HOMEPAGE_ALLOWED_HOSTS environment variable to allow requests from this host / port.
[2026-03-08T11:48:52.338Z] error: Host validation failed for: localhost:3030. Hint: Set the HOMEPAGE_ALLOWED_HOSTS environment variable to allow requests from this host / port.
[2026-03-08T11:48:52.340Z] error: Host validation failed for: localhost:3030. Hint: Set the HOMEPAGE_ALLOWED_HOSTS environment variable to allow requests from this host / port.
[2026-03-08T11:48:52.341Z] error: Host validation failed for: localhost:3030. Hint: Set the HOMEPAGE_ALLOWED_HOSTS environment variable to allow requests from this host / port.
[2026-03-08T11:48:52.343Z] error: Host validation failed for: localhost:3030. Hint: Set the HOMEPAGE_ALLOWED_HOSTS environment variable to allow requests from this host / port.
[2026-03-08T11:48:52.355Z] error: Host validation failed for: localhost:3030. Hint: Set the HOMEPAGE_ALLOWED_HOSTS environment variable to allow requests from this host / port.
[2026-03-08T11:48:52.803Z] error: Host validation failed for: localhost:3030. Hint: Set the HOMEPAGE_ALLOWED_HOSTS environment variable to allow requests from this host / port.
[2026-03-08T11:48:52.824Z] error: Host validation failed for: localhost:3030. Hint: Set the HOMEPAGE_ALLOWED_HOSTS environment variable to allow requests from this host / port.
[2026-03-08T11:48:52.825Z] error: Host validation failed for: localhost:3030. Hint: Set the HOMEPAGE_ALLOWED_HOSTS environment variable to allow requests from this host / port.
[2026-03-08T11:48:52.827Z] error: Host validation failed for: localhost:3030. Hint: Set the HOMEPAGE_ALLOWED_HOSTS environment variable to allow requests from this host / port.
[2026-03-08T11:48:52.828Z] error: Host validation failed for: localhost:3030. Hint: Set the HOMEPAGE_ALLOWED_HOSTS environment variable to allow requests from this host / port.
[2026-03-08T11:48:52.830Z] error: Host validation failed for: localhost:3030. Hint: Set the HOMEPAGE_ALLOWED_HOSTS environment variable to allow requests from this host / port.
[2026-03-08T11:48:52.831Z] error: Host validation failed for: localhost:3030. Hint: Set the HOMEPAGE_ALLOWED_HOSTS environment variable to allow requests from this host / port.
[2026-03-08T11:48:52.835Z] error: Host validation failed for: localhost:3030. Hint: Set the HOMEPAGE_ALLOWED_HOSTS environment variable to allow requests from this host / port.
[2026-03-08T11:48:52.836Z] error: Host validation failed for: localhost:3030. Hint: Set the HOMEPAGE_ALLOWED_HOSTS environment variable to allow requests from this host / port.
[2026-03-08T11:48:52.838Z] error: Host validation failed for: localhost:3030. Hint: Set the HOMEPAGE_ALLOWED_HOSTS environment variable to allow requests from this host / port.
[2026-03-08T11:48:52.839Z] error: Host validation failed for: localhost:3030. Hint: Set the HOMEPAGE_ALLOWED_HOSTS environment variable to allow requests from this host / port.
[2026-03-08T11:48:52.841Z] error: Host validation failed for: localhost:3030. Hint: Set the HOMEPAGE_ALLOWED_HOSTS environment variable to allow requests from this host / port.
[2026-03-08T11:48:52.853Z] error: Host validation failed for: localhost:3030. Hint: Set the HOMEPAGE_ALLOWED_HOSTS environment variable to allow requests from this host / port.
[2026-03-08T11:48:53.231Z] error: Host validation failed for: localhost:3030. Hint: Set the HOMEPAGE_ALLOWED_HOSTS environment variable to allow requests from this host / port.
[2026-03-08T11:48:53.253Z] error: Host validation failed for: localhost:3030. Hint: Set the HOMEPAGE_ALLOWED_HOSTS environment variable to allow requests from this host / port.
[2026-03-08T11:48:53.254Z] error: Host validation failed for: localhost:3030. Hint: Set the HOMEPAGE_ALLOWED_HOSTS environment variable to allow requests from this host / port.
[2026-03-08T11:48:53.256Z] error: Host validation failed for: localhost:3030. Hint: Set the HOMEPAGE_ALLOWED_HOSTS environment variable to allow requests from this host / port.
[2026-03-08T11:48:53.257Z] error: Host validation failed for: localhost:3030. Hint: Set the HOMEPAGE_ALLOWED_HOSTS environment variable to allow requests from this host / port.
[2026-03-08T11:48:53.259Z] error: Host validation failed for: localhost:3030. Hint: Set the HOMEPAGE_ALLOWED_HOSTS environment variable to allow requests from this host / port.
[2026-03-08T11:48:53.261Z] error: Host validation failed for: localhost:3030. Hint: Set the HOMEPAGE_ALLOWED_HOSTS environment variable to allow requests from this host / port.
[2026-03-08T11:48:53.267Z] error: Host validation failed for: localhost:3030. Hint: Set the HOMEPAGE_ALLOWED_HOSTS environment variable to allow requests from this host / port.
[2026-03-08T11:48:53.269Z] error: Host validation failed for: localhost:3030. Hint: Set the HOMEPAGE_ALLOWED_HOSTS environment variable to allow requests from this host / port.
[2026-03-08T11:48:53.271Z] error: Host validation failed for: localhost:3030. Hint: Set the HOMEPAGE_ALLOWED_HOSTS environment variable to allow requests from this host / port.
[2026-03-08T11:48:53.273Z] error: Host validation failed for: localhost:3030. Hint: Set the HOMEPAGE_ALLOWED_HOSTS environment variable to allow requests from this host / port.
[2026-03-08T11:48:53.276Z] error: Host validation failed for: localhost:3030. Hint: Set the HOMEPAGE_ALLOWED_HOSTS environment variable to allow requests from this host / port.
[2026-03-08T11:48:53.284Z] error: Host validation failed for: localhost:3030. Hint: Set the HOMEPAGE_ALLOWED_HOSTS environment variable to allow requests from this host / port.
[2026-03-08T11:48:53.601Z] error: Host validation failed for: localhost:3030. Hint: Set the HOMEPAGE_ALLOWED_HOSTS environment variable to allow requests from this host / port.
[2026-03-08T11:48:53.623Z] error: Host validation failed for: localhost:3030. Hint: Set the HOMEPAGE_ALLOWED_HOSTS environment variable to allow requests from this host / port.
[2026-03-08T11:48:53.624Z] error: Host validation failed for: localhost:3030. Hint: Set the HOMEPAGE_ALLOWED_HOSTS environment variable to allow requests from this host / port.
[2026-03-08T11:48:53.626Z] error: Host validation failed for: localhost:3030. Hint: Set the HOMEPAGE_ALLOWED_HOSTS environment variable to allow requests from this host / port.
[2026-03-08T11:48:53.628Z] error: Host validation failed for: localhost:3030. Hint: Set the HOMEPAGE_ALLOWED_HOSTS environment variable to allow requests from this host / port.
[2026-03-08T11:48:53.629Z] error: Host validation failed for: localhost:3030. Hint: Set the HOMEPAGE_ALLOWED_HOSTS environment variable to allow requests from this host / port.
[2026-03-08T11:48:53.631Z] error: Host validation failed for: localhost:3030. Hint: Set the HOMEPAGE_ALLOWED_HOSTS environment variable to allow requests from this host / port.
[2026-03-08T11:48:53.634Z] error: Host validation failed for: localhost:3030. Hint: Set the HOMEPAGE_ALLOWED_HOSTS environment variable to allow requests from this host / port.
[2026-03-08T11:48:53.637Z] error: Host validation failed for: localhost:3030. Hint: Set the HOMEPAGE_ALLOWED_HOSTS environment variable to allow requests from this host / port.
[2026-03-08T11:48:53.638Z] error: Host validation failed for: localhost:3030. Hint: Set the HOMEPAGE_ALLOWED_HOSTS environment variable to allow requests from this host / port.
[2026-03-08T11:48:53.641Z] error: Host validation failed for: localhost:3030. Hint: Set the HOMEPAGE_ALLOWED_HOSTS environment variable to allow requests from this host / port.
[2026-03-08T11:48:53.643Z] error: Host validation failed for: localhost:3030. Hint: Set the HOMEPAGE_ALLOWED_HOSTS environment variable to allow requests from this host / port.
[2026-03-08T11:48:53.653Z] error: Host validation failed for: localhost:3030. Hint: Set the HOMEPAGE_ALLOWED_HOSTS environment variable to allow requests from this host / port.
[2026-03-08T11:48:53.896Z] error: Host validation failed for: localhost:3030. Hint: Set the HOMEPAGE_ALLOWED_HOSTS environment variable to allow requests from this host / port.
[2026-03-08T11:48:53.916Z] error: Host validation failed for: localhost:3030. Hint: Set the HOMEPAGE_ALLOWED_HOSTS environment variable to allow requests from this host / port.
[2026-03-08T11:48:53.918Z] error: Host validation failed for: localhost:3030. Hint: Set the HOMEPAGE_ALLOWED_HOSTS environment variable to allow requests from this host / port.
[2026-03-08T11:48:53.920Z] error: Host validation failed for: localhost:3030. Hint: Set the HOMEPAGE_ALLOWED_HOSTS environment variable to allow requests from this host / port.
[2026-03-08T11:48:53.922Z] error: Host validation failed for: localhost:3030. Hint: Set the HOMEPAGE_ALLOWED_HOSTS environment variable to allow requests from this host / port.
[2026-03-08T11:48:53.924Z] error: Host validation failed for: localhost:3030. Hint: Set the HOMEPAGE_ALLOWED_HOSTS environment variable to allow requests from this host / port.
[2026-03-08T11:48:53.925Z] error: Host validation failed for: localhost:3030. Hint: Set the HOMEPAGE_ALLOWED_HOSTS environment variable to allow requests from this host / port.
[2026-03-08T11:48:53.929Z] error: Host validation failed for: localhost:3030. Hint: Set the HOMEPAGE_ALLOWED_HOSTS environment variable to allow requests from this host / port.
[2026-03-08T11:48:53.930Z] error: Host validation failed for: localhost:3030. Hint: Set the HOMEPAGE_ALLOWED_HOSTS environment variable to allow requests from this host / port.
[2026-03-08T11:48:53.932Z] error: Host validation failed for: localhost:3030. Hint: Set the HOMEPAGE_ALLOWED_HOSTS environment variable to allow requests from this host / port.
[2026-03-08T11:48:53.934Z] error: Host validation failed for: localhost:3030. Hint: Set the HOMEPAGE_ALLOWED_HOSTS environment variable to allow requests from this host / port.
[2026-03-08T11:48:53.935Z] error: Host validation failed for: localhost:3030. Hint: Set the HOMEPAGE_ALLOWED_HOSTS environment variable to allow requests from this host / port.
[2026-03-08T11:48:53.948Z] error: Host validation failed for: localhost:3030. Hint: Set the HOMEPAGE_ALLOWED_HOSTS environment variable to allow requests from this host / port.
[2026-03-08T11:48:54.087Z] error: Host validation failed for: localhost:3030. Hint: Set the HOMEPAGE_ALLOWED_HOSTS environment variable to allow requests from this host / port.
[2026-03-08T11:48:54.106Z] error: Host validation failed for: localhost:3030. Hint: Set the HOMEPAGE_ALLOWED_HOSTS environment variable to allow requests from this host / port.
[2026-03-08T11:48:54.107Z] error: Host validation failed for: localhost:3030. Hint: Set the HOMEPAGE_ALLOWED_HOSTS environment variable to allow requests from this host / port.
[2026-03-08T11:48:54.109Z] error: Host validation failed for: localhost:3030. Hint: Set the HOMEPAGE_ALLOWED_HOSTS environment variable to allow requests from this host / port.
[2026-03-08T11:48:54.111Z] error: Host validation failed for: localhost:3030. Hint: Set the HOMEPAGE_ALLOWED_HOSTS environment variable to allow requests from this host / port.
[2026-03-08T11:48:54.113Z] error: Host validation failed for: localhost:3030. Hint: Set the HOMEPAGE_ALLOWED_HOSTS environment variable to allow requests from this host / port.
[2026-03-08T11:48:54.115Z] error: Host validation failed for: localhost:3030. Hint: Set the HOMEPAGE_ALLOWED_HOSTS environment variable to allow requests from this host / port.
[2026-03-08T11:48:54.118Z] error: Host validation failed for: localhost:3030. Hint: Set the HOMEPAGE_ALLOWED_HOSTS environment variable to allow requests from this host / port.
[2026-03-08T11:48:54.119Z] error: Host validation failed for: localhost:3030. Hint: Set the HOMEPAGE_ALLOWED_HOSTS environment variable to allow requests from this host / port.
[2026-03-08T11:48:54.121Z] error: Host validation failed for: localhost:3030. Hint: Set the HOMEPAGE_ALLOWED_HOSTS environment variable to allow requests from this host / port.
[2026-03-08T11:48:54.122Z] error: Host validation failed for: localhost:3030. Hint: Set the HOMEPAGE_ALLOWED_HOSTS environment variable to allow requests from this host / port.
[2026-03-08T11:48:54.124Z] error: Host validation failed for: localhost:3030. Hint: Set the HOMEPAGE_ALLOWED_HOSTS environment variable to allow requests from this host / port.
[2026-03-08T11:48:54.138Z] error: Host validation failed for: localhost:3030. Hint: Set the HOMEPAGE_ALLOWED_HOSTS environment variable to allow requests from this host / port.
[2026-03-08T11:48:54.253Z] error: Host validation failed for: localhost:3030. Hint: Set the HOMEPAGE_ALLOWED_HOSTS environment variable to allow requests from this host / port.
[2026-03-08T11:48:54.274Z] error: Host validation failed for: localhost:3030. Hint: Set the HOMEPAGE_ALLOWED_HOSTS environment variable to allow requests from this host / port.
[2026-03-08T11:48:54.276Z] error: Host validation failed for: localhost:3030. Hint: Set the HOMEPAGE_ALLOWED_HOSTS environment variable to allow requests from this host / port.
[2026-03-08T11:48:54.278Z] error: Host validation failed for: localhost:3030. Hint: Set the HOMEPAGE_ALLOWED_HOSTS environment variable to allow requests from this host / port.
[2026-03-08T11:48:54.280Z] error: Host validation failed for: localhost:3030. Hint: Set the HOMEPAGE_ALLOWED_HOSTS environment variable to allow requests from this host / port.
[2026-03-08T11:48:54.282Z] error: Host validation failed for: localhost:3030. Hint: Set the HOMEPAGE_ALLOWED_HOSTS environment variable to allow requests from this host / port.
[2026-03-08T11:48:54.283Z] error: Host validation failed for: localhost:3030. Hint: Set the HOMEPAGE_ALLOWED_HOSTS environment variable to allow requests from this host / port.
[2026-03-08T11:48:54.287Z] error: Host validation failed for: localhost:3030. Hint: Set the HOMEPAGE_ALLOWED_HOSTS environment variable to allow requests from this host / port.
[2026-03-08T11:48:54.288Z] error: Host validation failed for: localhost:3030. Hint: Set the HOMEPAGE_ALLOWED_HOSTS environment variable to allow requests from this host / port.
[2026-03-08T11:48:54.290Z] error: Host validation failed for: localhost:3030. Hint: Set the HOMEPAGE_ALLOWED_HOSTS environment variable to allow requests from this host / port.
[2026-03-08T11:48:54.291Z] error: Host validation failed for: localhost:3030. Hint: Set the HOMEPAGE_ALLOWED_HOSTS environment variable to allow requests from this host / port.
[2026-03-08T11:48:54.293Z] error: Host validation failed for: localhost:3030. Hint: Set the HOMEPAGE_ALLOWED_HOSTS environment variable to allow requests from this host / port.
[2026-03-08T11:48:54.307Z] error: Host validation failed for: localhost:3030. Hint: Set the HOMEPAGE_ALLOWED_HOSTS environment variable to allow requests from this host / port.
[2026-03-08T11:48:54.423Z] error: Host validation failed for: localhost:3030. Hint: Set the HOMEPAGE_ALLOWED_HOSTS environment variable to allow requests from this host / port.
[2026-03-08T11:48:54.445Z] error: Host validation failed for: localhost:3030. Hint: Set the HOMEPAGE_ALLOWED_HOSTS environment variable to allow requests from this host / port.
[2026-03-08T11:48:54.447Z] error: Host validation failed for: localhost:3030. Hint: Set the HOMEPAGE_ALLOWED_HOSTS environment variable to allow requests from this host / port.
[2026-03-08T11:48:54.449Z] error: Host validation failed for: localhost:3030. Hint: Set the HOMEPAGE_ALLOWED_HOSTS environment variable to allow requests from this host / port.
[2026-03-08T11:48:54.450Z] error: Host validation failed for: localhost:3030. Hint: Set the HOMEPAGE_ALLOWED_HOSTS environment variable to allow requests from this host / port.
[2026-03-08T11:48:54.452Z] error: Host validation failed for: localhost:3030. Hint: Set the HOMEPAGE_ALLOWED_HOSTS environment variable to allow requests from this host / port.
[2026-03-08T11:48:54.454Z] error: Host validation failed for: localhost:3030. Hint: Set the HOMEPAGE_ALLOWED_HOSTS environment variable to allow requests from this host / port.
[2026-03-08T11:48:54.457Z] error: Host validation failed for: localhost:3030. Hint: Set the HOMEPAGE_ALLOWED_HOSTS environment variable to allow requests from this host / port.
[2026-03-08T11:48:54.459Z] error: Host validation failed for: localhost:3030. Hint: Set the HOMEPAGE_ALLOWED_HOSTS environment variable to allow requests from this host / port.
[2026-03-08T11:48:54.460Z] error: Host validation failed for: localhost:3030. Hint: Set the HOMEPAGE_ALLOWED_HOSTS environment variable to allow requests from this host / port.
[2026-03-08T11:48:54.462Z] error: Host validation failed for: localhost:3030. Hint: Set the HOMEPAGE_ALLOWED_HOSTS environment variable to allow requests from this host / port.
[2026-03-08T11:48:54.464Z] error: Host validation failed for: localhost:3030. Hint: Set the HOMEPAGE_ALLOWED_HOSTS environment variable to allow requests from this host / port.
[2026-03-08T11:48:54.476Z] error: Host validation failed for: localhost:3030. Hint: Set the HOMEPAGE_ALLOWED_HOSTS environment variable to allow requests from this host / port.
[2026-03-08T11:48:54.592Z] error: Host validation failed for: localhost:3030. Hint: Set the HOMEPAGE_ALLOWED_HOSTS environment variable to allow requests from this host / port.
[2026-03-08T11:48:54.613Z] error: Host validation failed for: localhost:3030. Hint: Set the HOMEPAGE_ALLOWED_HOSTS environment variable to allow requests from this host / port.
[2026-03-08T11:48:54.615Z] error: Host validation failed for: localhost:3030. Hint: Set the HOMEPAGE_ALLOWED_HOSTS environment variable to allow requests from this host / port.
[2026-03-08T11:48:54.616Z] error: Host validation failed for: localhost:3030. Hint: Set the HOMEPAGE_ALLOWED_HOSTS environment variable to allow requests from this host / port.
[2026-03-08T11:48:54.618Z] error: Host validation failed for: localhost:3030. Hint: Set the HOMEPAGE_ALLOWED_HOSTS environment variable to allow requests from this host / port.
[2026-03-08T11:48:54.619Z] error: Host validation failed for: localhost:3030. Hint: Set the HOMEPAGE_ALLOWED_HOSTS environment variable to allow requests from this host / port.
[2026-03-08T11:48:54.620Z] error: Host validation failed for: localhost:3030. Hint: Set the HOMEPAGE_ALLOWED_HOSTS environment variable to allow requests from this host / port.
[2026-03-08T11:48:54.624Z] error: Host validation failed for: localhost:3030. Hint: Set the HOMEPAGE_ALLOWED_HOSTS environment variable to allow requests from this host / port.
[2026-03-08T11:48:54.625Z] error: Host validation failed for: localhost:3030. Hint: Set the HOMEPAGE_ALLOWED_HOSTS environment variable to allow requests from this host / port.
[2026-03-08T11:48:54.626Z] error: Host validation failed for: localhost:3030. Hint: Set the HOMEPAGE_ALLOWED_HOSTS environment variable to allow requests from this host / port.
[2026-03-08T11:48:54.628Z] error: Host validation failed for: localhost:3030. Hint: Set the HOMEPAGE_ALLOWED_HOSTS environment variable to allow requests from this host / port.
[2026-03-08T11:48:54.629Z] error: Host validation failed for: localhost:3030. Hint: Set the HOMEPAGE_ALLOWED_HOSTS environment variable to allow requests from this host / port.
[2026-03-08T11:48:54.643Z] error: Host validation failed for: localhost:3030. Hint: Set the HOMEPAGE_ALLOWED_HOSTS environment variable to allow requests from this host / port.
[2026-03-08T11:48:54.767Z] error: Host validation failed for: localhost:3030. Hint: Set the HOMEPAGE_ALLOWED_HOSTS environment variable to allow requests from this host / port.
[2026-03-08T11:48:54.788Z] error: Host validation failed for: localhost:3030. Hint: Set the HOMEPAGE_ALLOWED_HOSTS environment variable to allow requests from this host / port.
[2026-03-08T11:48:54.790Z] error: Host validation failed for: localhost:3030. Hint: Set the HOMEPAGE_ALLOWED_HOSTS environment variable to allow requests from this host / port.
[2026-03-08T11:48:54.792Z] error: Host validation failed for: localhost:3030. Hint: Set the HOMEPAGE_ALLOWED_HOSTS environment variable to allow requests from this host / port.
[2026-03-08T11:48:54.793Z] error: Host validation failed for: localhost:3030. Hint: Set the HOMEPAGE_ALLOWED_HOSTS environment variable to allow requests from this host / port.
[2026-03-08T11:48:54.795Z] error: Host validation failed for: localhost:3030. Hint: Set the HOMEPAGE_ALLOWED_HOSTS environment variable to allow requests from this host / port.
[2026-03-08T11:48:54.797Z] error: Host validation failed for: localhost:3030. Hint: Set the HOMEPAGE_ALLOWED_HOSTS environment variable to allow requests from this host / port.
[2026-03-08T11:48:54.800Z] error: Host validation failed for: localhost:3030. Hint: Set the HOMEPAGE_ALLOWED_HOSTS environment variable to allow requests from this host / port.
[2026-03-08T11:48:54.802Z] error: Host validation failed for: localhost:3030. Hint: Set the HOMEPAGE_ALLOWED_HOSTS environment variable to allow requests from this host / port.
[2026-03-08T11:48:54.803Z] error: Host validation failed for: localhost:3030. Hint: Set the HOMEPAGE_ALLOWED_HOSTS environment variable to allow requests from this host / port.
[2026-03-08T11:48:54.805Z] error: Host validation failed for: localhost:3030. Hint: Set the HOMEPAGE_ALLOWED_HOSTS environment variable to allow requests from this host / port.
[2026-03-08T11:48:54.806Z] error: Host validation failed for: localhost:3030. Hint: Set the HOMEPAGE_ALLOWED_HOSTS environment variable to allow requests from this host / port.
[2026-03-08T11:48:54.817Z] error: Host validation failed for: localhost:3030. Hint: Set the HOMEPAGE_ALLOWED_HOSTS environment variable to allow requests from this host / port.
[2026-03-08T11:48:54.971Z] error: Host validation failed for: localhost:3030. Hint: Set the HOMEPAGE_ALLOWED_HOSTS environment variable to allow requests from this host / port.
[2026-03-08T11:48:54.991Z] error: Host validation failed for: localhost:3030. Hint: Set the HOMEPAGE_ALLOWED_HOSTS environment variable to allow requests from this host / port.
[2026-03-08T11:48:54.993Z] error: Host validation failed for: localhost:3030. Hint: Set the HOMEPAGE_ALLOWED_HOSTS environment variable to allow requests from this host / port.
[2026-03-08T11:48:54.994Z] error: Host validation failed for: localhost:3030. Hint: Set the HOMEPAGE_ALLOWED_HOSTS environment variable to allow requests from this host / port.
[2026-03-08T11:48:54.996Z] error: Host validation failed for: localhost:3030. Hint: Set the HOMEPAGE_ALLOWED_HOSTS environment variable to allow requests from this host / port.
[2026-03-08T11:48:54.997Z] error: Host validation failed for: localhost:3030. Hint: Set the HOMEPAGE_ALLOWED_HOSTS environment variable to allow requests from this host / port.
[2026-03-08T11:48:54.999Z] error: Host validation failed for: localhost:3030. Hint: Set the HOMEPAGE_ALLOWED_HOSTS environment variable to allow requests from this host / port.
[2026-03-08T11:48:55.002Z] error: Host validation failed for: localhost:3030. Hint: Set the HOMEPAGE_ALLOWED_HOSTS environment variable to allow requests from this host / port.
[2026-03-08T11:48:55.004Z] error: Host validation failed for: localhost:3030. Hint: Set the HOMEPAGE_ALLOWED_HOSTS environment variable to allow requests from this host / port.
[2026-03-08T11:48:55.005Z] error: Host validation failed for: localhost:3030. Hint: Set the HOMEPAGE_ALLOWED_HOSTS environment variable to allow requests from this host / port.
[2026-03-08T11:48:55.006Z] error: Host validation failed for: localhost:3030. Hint: Set the HOMEPAGE_ALLOWED_HOSTS environment variable to allow requests from this host / port.
[2026-03-08T11:48:55.008Z] error: Host validation failed for: localhost:3030. Hint: Set the HOMEPAGE_ALLOWED_HOSTS environment variable to allow requests from this host / port.
[2026-03-08T11:48:55.019Z] error: Host validation failed for: localhost:3030. Hint: Set the HOMEPAGE_ALLOWED_HOSTS environment variable to allow requests from this host / port.
[2026-03-08T11:48:55.165Z] error: Host validation failed for: localhost:3030. Hint: Set the HOMEPAGE_ALLOWED_HOSTS environment variable to allow requests from this host / port.
[2026-03-08T11:48:55.186Z] error: Host validation failed for: localhost:3030. Hint: Set the HOMEPAGE_ALLOWED_HOSTS environment variable to allow requests from this host / port.
[2026-03-08T11:48:55.188Z] error: Host validation failed for: localhost:3030. Hint: Set the HOMEPAGE_ALLOWED_HOSTS environment variable to allow requests from this host / port.
[2026-03-08T11:48:55.189Z] error: Host validation failed for: localhost:3030. Hint: Set the HOMEPAGE_ALLOWED_HOSTS environment variable to allow requests from this host / port.
[2026-03-08T11:48:55.190Z] error: Host validation failed for: localhost:3030. Hint: Set the HOMEPAGE_ALLOWED_HOSTS environment variable to allow requests from this host / port.
[2026-03-08T11:48:55.192Z] error: Host validation failed for: localhost:3030. Hint: Set the HOMEPAGE_ALLOWED_HOSTS environment variable to allow requests from this host / port.
[2026-03-08T11:48:55.193Z] error: Host validation failed for: localhost:3030. Hint: Set the HOMEPAGE_ALLOWED_HOSTS environment variable to allow requests from this host / port.
[2026-03-08T11:48:55.197Z] error: Host validation failed for: localhost:3030. Hint: Set the HOMEPAGE_ALLOWED_HOSTS environment variable to allow requests from this host / port.
[2026-03-08T11:48:55.199Z] error: Host validation failed for: localhost:3030. Hint: Set the HOMEPAGE_ALLOWED_HOSTS environment variable to allow requests from this host / port.
[2026-03-08T11:48:55.200Z] error: Host validation failed for: localhost:3030. Hint: Set the HOMEPAGE_ALLOWED_HOSTS environment variable to allow requests from this host / port.
[2026-03-08T11:48:55.202Z] error: Host validation failed for: localhost:3030. Hint: Set the HOMEPAGE_ALLOWED_HOSTS environment variable to allow requests from this host / port.
[2026-03-08T11:48:55.203Z] error: Host validation failed for: localhost:3030. Hint: Set the HOMEPAGE_ALLOWED_HOSTS environment variable to allow requests from this host / port.
[2026-03-08T11:48:55.217Z] error: Host validation failed for: localhost:3030. Hint: Set the HOMEPAGE_ALLOWED_HOSTS environment variable to allow requests from this host / port.
[2026-03-08T11:48:55.352Z] error: Host validation failed for: localhost:3030. Hint: Set the HOMEPAGE_ALLOWED_HOSTS environment variable to allow requests from this host / port.
[2026-03-08T11:48:55.373Z] error: Host validation failed for: localhost:3030. Hint: Set the HOMEPAGE_ALLOWED_HOSTS environment variable to allow requests from this host / port.
[2026-03-08T11:48:55.374Z] error: Host validation failed for: localhost:3030. Hint: Set the HOMEPAGE_ALLOWED_HOSTS environment variable to allow requests from this host / port.
[2026-03-08T11:48:55.376Z] error: Host validation failed for: localhost:3030. Hint: Set the HOMEPAGE_ALLOWED_HOSTS environment variable to allow requests from this host / port.
[2026-03-08T11:48:55.378Z] error: Host validation failed for: localhost:3030. Hint: Set the HOMEPAGE_ALLOWED_HOSTS environment variable to allow requests from this host / port.
[2026-03-08T11:48:55.379Z] error: Host validation failed for: localhost:3030. Hint: Set the HOMEPAGE_ALLOWED_HOSTS environment variable to allow requests from this host / port.
[2026-03-08T11:48:55.381Z] error: Host validation failed for: localhost:3030. Hint: Set the HOMEPAGE_ALLOWED_HOSTS environment variable to allow requests from this host / port.
[2026-03-08T11:48:55.384Z] error: Host validation failed for: localhost:3030. Hint: Set the HOMEPAGE_ALLOWED_HOSTS environment variable to allow requests from this host / port.
[2026-03-08T11:48:55.386Z] error: Host validation failed for: localhost:3030. Hint: Set the HOMEPAGE_ALLOWED_HOSTS environment variable to allow requests from this host / port.
[2026-03-08T11:48:55.387Z] error: Host validation failed for: localhost:3030. Hint: Set the HOMEPAGE_ALLOWED_HOSTS environment variable to allow requests from this host / port.
[2026-03-08T11:48:55.388Z] error: Host validation failed for: localhost:3030. Hint: Set the HOMEPAGE_ALLOWED_HOSTS environment variable to allow requests from this host / port.
[2026-03-08T11:48:55.390Z] error: Host validation failed for: localhost:3030. Hint: Set the HOMEPAGE_ALLOWED_HOSTS environment variable to allow requests from this host / port.
[2026-03-08T11:48:55.402Z] error: Host validation failed for: localhost:3030. Hint: Set the HOMEPAGE_ALLOWED_HOSTS environment variable to allow requests from this host / port.
[2026-03-08T11:48:55.540Z] error: Host validation failed for: localhost:3030. Hint: Set the HOMEPAGE_ALLOWED_HOSTS environment variable to allow requests from this host / port.
[2026-03-08T11:48:55.560Z] error: Host validation failed for: localhost:3030. Hint: Set the HOMEPAGE_ALLOWED_HOSTS environment variable to allow requests from this host / port.
[2026-03-08T11:48:55.562Z] error: Host validation failed for: localhost:3030. Hint: Set the HOMEPAGE_ALLOWED_HOSTS environment variable to allow requests from this host / port.
[2026-03-08T11:48:55.563Z] error: Host validation failed for: localhost:3030. Hint: Set the HOMEPAGE_ALLOWED_HOSTS environment variable to allow requests from this host / port.
[2026-03-08T11:48:55.565Z] error: Host validation failed for: localhost:3030. Hint: Set the HOMEPAGE_ALLOWED_HOSTS environment variable to allow requests from this host / port.
[2026-03-08T11:48:55.567Z] error: Host validation failed for: localhost:3030. Hint: Set the HOMEPAGE_ALLOWED_HOSTS environment variable to allow requests from this host / port.
[2026-03-08T11:48:55.569Z] error: Host validation failed for: localhost:3030. Hint: Set the HOMEPAGE_ALLOWED_HOSTS environment variable to allow requests from this host / port.
[2026-03-08T11:48:55.574Z] error: Host validation failed for: localhost:3030. Hint: Set the HOMEPAGE_ALLOWED_HOSTS environment variable to allow requests from this host / port.
[2026-03-08T11:48:55.575Z] error: Host validation failed for: localhost:3030. Hint: Set the HOMEPAGE_ALLOWED_HOSTS environment variable to allow requests from this host / port.
[2026-03-08T11:48:55.577Z] error: Host validation failed for: localhost:3030. Hint: Set the HOMEPAGE_ALLOWED_HOSTS environment variable to allow requests from this host / port.
[2026-03-08T11:48:55.578Z] error: Host validation failed for: localhost:3030. Hint: Set the HOMEPAGE_ALLOWED_HOSTS environment variable to allow requests from this host / port.
[2026-03-08T11:48:55.579Z] error: Host validation failed for: localhost:3030. Hint: Set the HOMEPAGE_ALLOWED_HOSTS environment variable to allow requests from this host / port.
[2026-03-08T11:48:55.591Z] error: Host validation failed for: localhost:3030. Hint: Set the HOMEPAGE_ALLOWED_HOSTS environment variable to allow requests from this host / port.
[2026-03-08T11:48:55.717Z] error: Host validation failed for: localhost:3030. Hint: Set the HOMEPAGE_ALLOWED_HOSTS environment variable to allow requests from this host / port.
[2026-03-08T11:48:55.737Z] error: Host validation failed for: localhost:3030. Hint: Set the HOMEPAGE_ALLOWED_HOSTS environment variable to allow requests from this host / port.
[2026-03-08T11:48:55.739Z] error: Host validation failed for: localhost:3030. Hint: Set the HOMEPAGE_ALLOWED_HOSTS environment variable to allow requests from this host / port.
[2026-03-08T11:48:55.741Z] error: Host validation failed for: localhost:3030. Hint: Set the HOMEPAGE_ALLOWED_HOSTS environment variable to allow requests from this host / port.
[2026-03-08T11:48:55.742Z] error: Host validation failed for: localhost:3030. Hint: Set the HOMEPAGE_ALLOWED_HOSTS environment variable to allow requests from this host / port.
[2026-03-08T11:48:55.743Z] error: Host validation failed for: localhost:3030. Hint: Set the HOMEPAGE_ALLOWED_HOSTS environment variable to allow requests from this host / port.
[2026-03-08T11:48:55.745Z] error: Host validation failed for: localhost:3030. Hint: Set the HOMEPAGE_ALLOWED_HOSTS environment variable to allow requests from this host / port.
[2026-03-08T11:48:55.748Z] error: Host validation failed for: localhost:3030. Hint: Set the HOMEPAGE_ALLOWED_HOSTS environment variable to allow requests from this host / port.
[2026-03-08T11:48:55.750Z] error: Host validation failed for: localhost:3030. Hint: Set the HOMEPAGE_ALLOWED_HOSTS environment variable to allow requests from this host / port.
[2026-03-08T11:48:55.751Z] error: Host validation failed for: localhost:3030. Hint: Set the HOMEPAGE_ALLOWED_HOSTS environment variable to allow requests from this host / port.
[2026-03-08T11:48:55.753Z] error: Host validation failed for: localhost:3030. Hint: Set the HOMEPAGE_ALLOWED_HOSTS environment variable to allow requests from this host / port.
[2026-03-08T11:48:55.754Z] error: Host validation failed for: localhost:3030. Hint: Set the HOMEPAGE_ALLOWED_HOSTS environment variable to allow requests from this host / port.
[2026-03-08T11:48:55.764Z] error: Host validation failed for: localhost:3030. Hint: Set the HOMEPAGE_ALLOWED_HOSTS environment variable to allow requests from this host / port.
[2026-03-08T11:48:55.872Z] error: Host validation failed for: localhost:3030. Hint: Set the HOMEPAGE_ALLOWED_HOSTS environment variable to allow requests from this host / port.
[2026-03-08T11:48:55.892Z] error: Host validation failed for: localhost:3030. Hint: Set the HOMEPAGE_ALLOWED_HOSTS environment variable to allow requests from this host / port.
[2026-03-08T11:48:55.894Z] error: Host validation failed for: localhost:3030. Hint: Set the HOMEPAGE_ALLOWED_HOSTS environment variable to allow requests from this host / port.
[2026-03-08T11:48:55.895Z] error: Host validation failed for: localhost:3030. Hint: Set the HOMEPAGE_ALLOWED_HOSTS environment variable to allow requests from this host / port.
[2026-03-08T11:48:55.896Z] error: Host validation failed for: localhost:3030. Hint: Set the HOMEPAGE_ALLOWED_HOSTS environment variable to allow requests from this host / port.
[2026-03-08T11:48:55.897Z] error: Host validation failed for: localhost:3030. Hint: Set the HOMEPAGE_ALLOWED_HOSTS environment variable to allow requests from this host / port.
[2026-03-08T11:48:55.898Z] error: Host validation failed for: localhost:3030. Hint: Set the HOMEPAGE_ALLOWED_HOSTS environment variable to allow requests from this host / port.
[2026-03-08T11:48:55.902Z] error: Host validation failed for: localhost:3030. Hint: Set the HOMEPAGE_ALLOWED_HOSTS environment variable to allow requests from this host / port.
[2026-03-08T11:48:55.903Z] error: Host validation failed for: localhost:3030. Hint: Set the HOMEPAGE_ALLOWED_HOSTS environment variable to allow requests from this host / port.
[2026-03-08T11:48:55.904Z] error: Host validation failed for: localhost:3030. Hint: Set the HOMEPAGE_ALLOWED_HOSTS environment variable to allow requests from this host / port.
[2026-03-08T11:48:55.906Z] error: Host validation failed for: localhost:3030. Hint: Set the HOMEPAGE_ALLOWED_HOSTS environment variable to allow requests from this host / port.
[2026-03-08T11:48:55.907Z] error: Host validation failed for: localhost:3030. Hint: Set the HOMEPAGE_ALLOWED_HOSTS environment variable to allow requests from this host / port.
[2026-03-08T11:48:55.919Z] error: Host validation failed for: localhost:3030. Hint: Set the HOMEPAGE_ALLOWED_HOSTS environment variable to allow requests from this host / port.
[2026-03-08T11:48:56.044Z] error: Host validation failed for: localhost:3030. Hint: Set the HOMEPAGE_ALLOWED_HOSTS environment variable to allow requests from this host / port.
[2026-03-08T11:48:56.063Z] error: Host validation failed for: localhost:3030. Hint: Set the HOMEPAGE_ALLOWED_HOSTS environment variable to allow requests from this host / port.
[2026-03-08T11:48:56.064Z] error: Host validation failed for: localhost:3030. Hint: Set the HOMEPAGE_ALLOWED_HOSTS environment variable to allow requests from this host / port.
[2026-03-08T11:48:56.066Z] error: Host validation failed for: localhost:3030. Hint: Set the HOMEPAGE_ALLOWED_HOSTS environment variable to allow requests from this host / port.
[2026-03-08T11:48:56.067Z] error: Host validation failed for: localhost:3030. Hint: Set the HOMEPAGE_ALLOWED_HOSTS environment variable to allow requests from this host / port.
[2026-03-08T11:48:56.069Z] error: Host validation failed for: localhost:3030. Hint: Set the HOMEPAGE_ALLOWED_HOSTS environment variable to allow requests from this host / port.
[2026-03-08T11:48:56.070Z] error: Host validation failed for: localhost:3030. Hint: Set the HOMEPAGE_ALLOWED_HOSTS environment variable to allow requests from this host / port.
[2026-03-08T11:48:56.074Z] error: Host validation failed for: localhost:3030. Hint: Set the HOMEPAGE_ALLOWED_HOSTS environment variable to allow requests from this host / port.
[2026-03-08T11:48:56.075Z] error: Host validation failed for: localhost:3030. Hint: Set the HOMEPAGE_ALLOWED_HOSTS environment variable to allow requests from this host / port.
[2026-03-08T11:48:56.076Z] error: Host validation failed for: localhost:3030. Hint: Set the HOMEPAGE_ALLOWED_HOSTS environment variable to allow requests from this host / port.
[2026-03-08T11:48:56.077Z] error: Host validation failed for: localhost:3030. Hint: Set the HOMEPAGE_ALLOWED_HOSTS environment variable to allow requests from this host / port.
[2026-03-08T11:48:56.079Z] error: Host validation failed for: localhost:3030. Hint: Set the HOMEPAGE_ALLOWED_HOSTS environment variable to allow requests from this host / port.
[2026-03-08T11:48:56.096Z] error: Host validation failed for: localhost:3030. Hint: Set the HOMEPAGE_ALLOWED_HOSTS environment variable to allow requests from this host / port.
[2026-03-08T11:48:56.196Z] error: Host validation failed for: localhost:3030. Hint: Set the HOMEPAGE_ALLOWED_HOSTS environment variable to allow requests from this host / port.
[2026-03-08T11:48:56.217Z] error: Host validation failed for: localhost:3030. Hint: Set the HOMEPAGE_ALLOWED_HOSTS environment variable to allow requests from this host / port.
[2026-03-08T11:48:56.218Z] error: Host validation failed for: localhost:3030. Hint: Set the HOMEPAGE_ALLOWED_HOSTS environment variable to allow requests from this host / port.
[2026-03-08T11:48:56.220Z] error: Host validation failed for: localhost:3030. Hint: Set the HOMEPAGE_ALLOWED_HOSTS environment variable to allow requests from this host / port.
[2026-03-08T11:48:56.221Z] error: Host validation failed for: localhost:3030. Hint: Set the HOMEPAGE_ALLOWED_HOSTS environment variable to allow requests from this host / port.
[2026-03-08T11:48:56.222Z] error: Host validation failed for: localhost:3030. Hint: Set the HOMEPAGE_ALLOWED_HOSTS environment variable to allow requests from this host / port.
[2026-03-08T11:48:56.223Z] error: Host validation failed for: localhost:3030. Hint: Set the HOMEPAGE_ALLOWED_HOSTS environment variable to allow requests from this host / port.
[2026-03-08T11:48:56.227Z] error: Host validation failed for: localhost:3030. Hint: Set the HOMEPAGE_ALLOWED_HOSTS environment variable to allow requests from this host / port.
[2026-03-08T11:48:56.228Z] error: Host validation failed for: localhost:3030. Hint: Set the HOMEPAGE_ALLOWED_HOSTS environment variable to allow requests from this host / port.
[2026-03-08T11:48:56.230Z] error: Host validation failed for: localhost:3030. Hint: Set the HOMEPAGE_ALLOWED_HOSTS environment variable to allow requests from this host / port.
[2026-03-08T11:48:56.231Z] error: Host validation failed for: localhost:3030. Hint: Set the HOMEPAGE_ALLOWED_HOSTS environment variable to allow requests from this host / port.
[2026-03-08T11:48:56.232Z] error: Host validation failed for: localhost:3030. Hint: Set the HOMEPAGE_ALLOWED_HOSTS environment variable to allow requests from this host / port.
[2026-03-08T11:48:56.246Z] error: Host validation failed for: localhost:3030. Hint: Set the HOMEPAGE_ALLOWED_HOSTS environment variable to allow requests from this host / port.
[2026-03-08T11:49:40.737Z] error: Host validation failed for: localhost:3030. Hint: Set the HOMEPAGE_ALLOWED_HOSTS environment variable to allow requests from this host / port.
[2026-03-08T11:49:40.741Z] error: Host validation failed for: localhost:3030. Hint: Set the HOMEPAGE_ALLOWED_HOSTS environment variable to allow requests from this host / port.
[2026-03-11T08:49:54.922Z] error: <httpProxy> Error calling https://api.github.com/repos/gethomepage/homepage/releases...
[2026-03-11T08:49:54.928Z] error: <httpProxy> [
  500,
  [Error: getaddrinfo EAI_AGAIN api.github.com] {
    errno: -3001,
    code: 'EAI_AGAIN',
    syscall: 'getaddrinfo',
    hostname: 'api.github.com'
  }
]
[2026-03-12T11:17:58.325Z] error: <httpProxy> Error calling https://api.github.com/repos/gethomepage/homepage/releases...
[2026-03-12T11:17:58.330Z] error: <httpProxy> [
  500,
  [Error: Client network socket disconnected before secure TLS connection was established] {
    code: 'ECONNRESET',
    path: null,
    host: 'api.github.com',
    port: 443,
    localAddress: undefined
  }
]
[2026-03-31T03:41:12.632Z] error: <httpProxy> Error calling https://api.github.com/repos/gethomepage/homepage/releases...
[2026-03-31T03:41:12.639Z] error: <httpProxy> [
  500,
  Error: connect ETIMEDOUT 140.82.121.5:443
      at <unknown> (Error: connect ETIMEDOUT 140.82.121.5:443) {
    errno: -110,
    code: 'ETIMEDOUT',
    syscall: 'connect',
    address: '140.82.121.5',
    port: 443
  }
]
[2026-03-31T03:41:12.640Z] error: <httpProxy> Error calling https://api.github.com/repos/gethomepage/homepage/releases...
[2026-03-31T03:41:12.642Z] error: <httpProxy> [
  500,
  Error: connect ETIMEDOUT 140.82.121.5:443
      at <unknown> (Error: connect ETIMEDOUT 140.82.121.5:443) {
    errno: -110,
    code: 'ETIMEDOUT',
    syscall: 'connect',
    address: '140.82.121.5',
    port: 443
  }
]
[2026-03-31T03:41:20.821Z] error: <httpProxy> Error calling https://api.github.com/repos/gethomepage/homepage/releases...
[2026-03-31T03:41:20.823Z] error: <httpProxy> [
  500,
  Error: connect ETIMEDOUT 140.82.121.5:443
      at <unknown> (Error: connect ETIMEDOUT 140.82.121.5:443) {
    errno: -110,
    code: 'ETIMEDOUT',
    syscall: 'connect',
    address: '140.82.121.5',
    port: 443
  }
]
[2026-03-31T13:58:42.209Z] error: <httpProxy> Error calling https://api.github.com/repos/gethomepage/homepage/releases...
[2026-03-31T13:58:42.217Z] error: <httpProxy> [
  500,
  [Error: getaddrinfo EAI_AGAIN api.github.com] {
    errno: -3001,
    code: 'EAI_AGAIN',
    syscall: 'getaddrinfo',
    hostname: 'api.github.com'
  }
]
[2026-03-31T13:58:42.481Z] error: <httpProxy> Error calling https://api.github.com/repos/gethomepage/homepage/releases...
[2026-03-31T13:58:42.483Z] error: <httpProxy> [
  500,
  [Error: getaddrinfo EAI_AGAIN api.github.com] {
    errno: -3001,
    code: 'EAI_AGAIN',
    syscall: 'getaddrinfo',
    hostname: 'api.github.com'
  }
]
[2026-04-07T10:44:19.121Z] error: <httpProxy> Error calling https://api.github.com/repos/gethomepage/homepage/releases...
[2026-04-07T10:44:19.125Z] error: <httpProxy> [
  500,
  [Error: getaddrinfo EAI_AGAIN api.github.com] {
    errno: -3001,
    code: 'EAI_AGAIN',
    syscall: 'getaddrinfo',
    hostname: 'api.github.com'
  }
]
[2026-04-07T10:44:19.425Z] error: <httpProxy> Error calling https://api.github.com/repos/gethomepage/homepage/releases...
[2026-04-07T10:44:19.426Z] error: <httpProxy> [
  500,
  [Error: getaddrinfo EAI_AGAIN api.github.com] {
    errno: -3001,
    code: 'EAI_AGAIN',
    syscall: 'getaddrinfo',
    hostname: 'api.github.com'
  }
]
